2021-03-26 15:49:29,140 INFO o.a.j.u.JMeterUtils: Setting Locale to en_EN
2021-03-26 15:49:29,162 INFO o.a.j.JMeter: Loading user properties from: C:\Program Files\Apache\apache-jmeter-5.4.1\bin\user.properties
2021-03-26 15:49:29,163 INFO o.a.j.JMeter: Loading system properties from: C:\Program Files\Apache\apache-jmeter-5.4.1\bin\system.properties
2021-03-26 15:49:29,170 INFO o.a.j.JMeter: Copyright (c) 1998-2021 The Apache Software Foundation
2021-03-26 15:49:29,170 INFO o.a.j.JMeter: Version 5.4.1
2021-03-26 15:49:29,170 INFO o.a.j.JMeter: java.version=15.0.1
2021-03-26 15:49:29,171 INFO o.a.j.JMeter: java.vm.name=Java HotSpot(TM) 64-Bit Server VM
2021-03-26 15:49:29,171 INFO o.a.j.JMeter: os.name=Windows 10
2021-03-26 15:49:29,171 INFO o.a.j.JMeter: os.arch=amd64
2021-03-26 15:49:29,171 INFO o.a.j.JMeter: os.version=10.0
2021-03-26 15:49:29,171 INFO o.a.j.JMeter: file.encoding=Cp1252
2021-03-26 15:49:29,171 INFO o.a.j.JMeter: java.awt.headless=true
2021-03-26 15:49:29,171 INFO o.a.j.JMeter: Max memory     =1073741824
2021-03-26 15:49:29,171 INFO o.a.j.JMeter: Available Processors =8
2021-03-26 15:49:29,178 INFO o.a.j.JMeter: Default Locale=English (EN)
2021-03-26 15:49:29,179 INFO o.a.j.JMeter: JMeter  Locale=English (EN)
2021-03-26 15:49:29,179 INFO o.a.j.JMeter: JMeterHome=C:\Program Files\Apache\apache-jmeter-5.4.1
2021-03-26 15:49:29,179 INFO o.a.j.JMeter: user.dir  =G:\Workspaces\workspace-tesi\ProjectTesi\JMeter
2021-03-26 15:49:29,179 INFO o.a.j.JMeter: PWD       =G:\Workspaces\workspace-tesi\ProjectTesi\JMeter
2021-03-26 15:49:29,180 INFO o.a.j.JMeter: IP: 172.16.0.1 Name: AGOSTINO-PC FullName: AGOSTINO-PC
2021-03-26 15:49:29,185 INFO o.a.j.s.FileServer: Default base='G:\Workspaces\workspace-tesi\ProjectTesi\JMeter'
2021-03-26 15:49:29,186 INFO o.a.j.s.FileServer: Set new base='G:\Workspaces\workspace-tesi\ProjectTesi\JMeter'
2021-03-26 15:49:29,332 INFO o.a.j.s.SaveService: Testplan (JMX) version: 2.2. Testlog (JTL) version: 2.2
2021-03-26 15:49:29,353 INFO o.a.j.s.SaveService: Using SaveService properties version 5.0
2021-03-26 15:49:29,356 INFO o.a.j.s.SaveService: Using SaveService properties file encoding UTF-8
2021-03-26 15:49:29,358 INFO o.a.j.s.SaveService: Loading file: testplan.jmx
2021-03-26 15:49:29,437 INFO o.a.j.JMeter: Creating summariser <summary>
2021-03-26 15:49:29,443 INFO o.a.j.e.StandardJMeterEngine: Running the test!
2021-03-26 15:49:29,444 INFO o.a.j.s.SampleEvent: List of sample_variables: []
2021-03-26 15:49:29,444 INFO o.a.j.s.SampleEvent: List of sample_variables: []
2021-03-26 15:49:29,450 INFO o.a.j.e.u.CompoundVariable: Note: Function class names must contain the string: '.functions.'
2021-03-26 15:49:29,450 INFO o.a.j.e.u.CompoundVariable: Note: Function class names must not contain the string: '.gui.'
2021-03-26 15:49:29,532 INFO o.a.j.JMeter: Running test (1616770169532)
2021-03-26 15:49:29,546 INFO o.a.j.e.StandardJMeterEngine: Starting ThreadGroup: 1 : ConcurrencyThreadGroup_Lyon
2021-03-26 15:49:29,547 INFO o.a.j.e.StandardJMeterEngine: Starting 1 threads for group ConcurrencyThreadGroup_Lyon.
2021-03-26 15:49:29,547 INFO o.a.j.e.StandardJMeterEngine: Thread will continue on error
2021-03-26 15:49:29,549 INFO o.a.j.e.StandardJMeterEngine: All thread groups have been started
2021-03-26 15:49:29,550 INFO c.b.j.t.c.ConcurrencyThreadStarter: Start supplying threads
2021-03-26 15:49:29,557 INFO o.a.j.s.SampleResult: Note: Sample TimeStamps are START times
2021-03-26 15:49:29,557 INFO o.a.j.s.SampleResult: sampleresult.default.encoding is set to ISO-8859-1
2021-03-26 15:49:29,557 INFO o.a.j.s.SampleResult: sampleresult.useNanoTime=true
2021-03-26 15:49:29,557 INFO o.a.j.s.SampleResult: sampleresult.nanoThreadSleep=5000
2021-03-26 15:49:29,590 INFO o.a.j.t.JMeterThread: Thread started: ConcurrencyThreadGroup_Lyon-ThreadStarter 1-1
2021-03-26 15:49:29,983 INFO o.a.j.s.FileServer: Stored: ./samples/Lyon.csv Alias: ./samples/Lyon.csv@261845810
2021-03-26 15:49:29,994 WARN k.a.j.t.VariableThroughputTimer: No free threads available in current Thread Group ConcurrencyThreadGroup_Lyon, made 0 samples/s for expected rps 3.0 samples/s, increase your number of threads
2021-03-26 15:49:30,051 INFO o.a.j.r.Summariser: summary +      1 in 00:00:01 =    1.9/s Avg:    54 Min:    54 Max:    54 Err:     0 (0.00%) Active: 1 Started: 1 Finished: 0
2021-03-26 15:49:30,052 WARN k.a.j.t.VariableThroughputTimer: No free threads available in current Thread Group ConcurrencyThreadGroup_Lyon, made 1 samples/s for expected rps 3.0 samples/s, increase your number of threads
2021-03-26 15:49:30,560 INFO o.a.j.t.JMeterThread: Thread started: ConcurrencyThreadGroup_Lyon-ThreadStarter 1-2
2021-03-26 15:49:30,560 INFO o.a.j.t.JMeterThread: Thread started: ConcurrencyThreadGroup_Lyon-ThreadStarter 1-3
2021-03-26 15:49:30,560 INFO o.a.j.t.JMeterThread: Thread started: ConcurrencyThreadGroup_Lyon-ThreadStarter 1-4
2021-03-26 15:49:31,564 INFO o.a.j.t.JMeterThread: Thread started: ConcurrencyThreadGroup_Lyon-ThreadStarter 1-5
2021-03-26 15:49:31,564 INFO o.a.j.t.JMeterThread: Thread started: ConcurrencyThreadGroup_Lyon-ThreadStarter 1-6
2021-03-26 15:50:00,066 INFO o.a.j.r.Summariser: summary +     78 in 00:00:30 =    2.6/s Avg:    36 Min:    27 Max:    99 Err:     0 (0.00%) Active: 6 Started: 6 Finished: 0
2021-03-26 15:50:00,066 INFO o.a.j.r.Summariser: summary =     79 in 00:00:31 =    2.6/s Avg:    37 Min:    27 Max:    99 Err:     0 (0.00%)
2021-03-26 15:50:30,011 INFO k.a.j.t.VariableThroughputTimer: No further RPS schedule, asking threads to stop...
2021-03-26 15:50:30,011 INFO k.a.j.t.VariableThroughputTimer: Stopping gracefuly threads of Thread Group : ConcurrencyThreadGroup_Lyon
2021-03-26 15:50:30,011 INFO c.b.j.t.c.ConcurrencyThreadStarter: Done supplying threads
2021-03-26 15:50:30,012 WARN o.a.j.p.j.s.JMSSampler: java.io.InterruptedIOException
javax.jms.JMSException: java.io.InterruptedIOException
	at org.apache.activemq.util.JMSExceptionSupport.create(JMSExceptionSupport.java:72) ~[activemq-all-5.10.0.jar:5.10.0]
	at org.apache.activemq.ActiveMQConnection.syncSendPacket(ActiveMQConnection.java:1435) ~[activemq-all-5.10.0.jar:5.10.0]
	at org.apache.activemq.ActiveMQConnection.syncSendPacket(ActiveMQConnection.java:1345) ~[activemq-all-5.10.0.jar:5.10.0]
	at org.apache.activemq.ActiveMQSession.send(ActiveMQSession.java:1904) ~[activemq-all-5.10.0.jar:5.10.0]
	at org.apache.activemq.ActiveMQMessageProducer.send(ActiveMQMessageProducer.java:289) ~[activemq-all-5.10.0.jar:5.10.0]
	at org.apache.activemq.ActiveMQMessageProducer.send(ActiveMQMessageProducer.java:224) ~[activemq-all-5.10.0.jar:5.10.0]
	at org.apache.activemq.ActiveMQMessageProducerSupport.send(ActiveMQMessageProducerSupport.java:269) ~[activemq-all-5.10.0.jar:5.10.0]
	at org.apache.jmeter.protocol.jms.sampler.JMSSampler.handleOneWay(JMSSampler.java:245) ~[ApacheJMeter_jms.jar:5.4.1]
	at org.apache.jmeter.protocol.jms.sampler.JMSSampler.sample(JMSSampler.java:201) [ApacheJMeter_jms.jar:5.4.1]
	at org.apache.jmeter.threads.JMeterThread.doSampling(JMeterThread.java:638) [ApacheJMeter_core.jar:5.4.1]
	at org.apache.jmeter.threads.JMeterThread.executeSamplePackage(JMeterThread.java:558) [ApacheJMeter_core.jar:5.4.1]
	at org.apache.jmeter.threads.JMeterThread.processSampler(JMeterThread.java:489) [ApacheJMeter_core.jar:5.4.1]
	at org.apache.jmeter.threads.JMeterThread.run(JMeterThread.java:256) [ApacheJMeter_core.jar:5.4.1]
	at java.lang.Thread.run(Thread.java:832) [?:?]
Caused by: java.io.InterruptedIOException
	at org.apache.activemq.transport.WireFormatNegotiator.oneway(WireFormatNegotiator.java:102) ~[activemq-all-5.10.0.jar:5.10.0]
	at org.apache.activemq.transport.MutexTransport.oneway(MutexTransport.java:68) ~[activemq-all-5.10.0.jar:5.10.0]
	at org.apache.activemq.transport.ResponseCorrelator.asyncRequest(ResponseCorrelator.java:81) ~[activemq-all-5.10.0.jar:5.10.0]
	at org.apache.activemq.transport.ResponseCorrelator.request(ResponseCorrelator.java:86) ~[activemq-all-5.10.0.jar:5.10.0]
	at org.apache.activemq.ActiveMQConnection.syncSendPacket(ActiveMQConnection.java:1406) ~[activemq-all-5.10.0.jar:5.10.0]
	... 12 more
2021-03-26 15:50:30,022 INFO o.a.j.r.Summariser: summary +     76 in 00:00:30 =    2.5/s Avg:    38 Min:    10 Max:   151 Err:     1 (1.32%) Active: 6 Started: 6 Finished: 0
2021-03-26 15:50:30,022 INFO o.a.j.r.Summariser: summary =    155 in 00:01:00 =    2.6/s Avg:    37 Min:    10 Max:   151 Err:     1 (0.65%)
2021-03-26 15:50:30,023 INFO o.a.j.t.JMeterThread: Thread is done: ConcurrencyThreadGroup_Lyon-ThreadStarter 1-3
2021-03-26 15:50:30,023 INFO o.a.j.t.JMeterThread: Thread finished: ConcurrencyThreadGroup_Lyon-ThreadStarter 1-3
2021-03-26 15:50:30,334 WARN o.a.j.p.j.s.JMSSampler: java.io.InterruptedIOException
javax.jms.JMSException: java.io.InterruptedIOException
	at org.apache.activemq.util.JMSExceptionSupport.create(JMSExceptionSupport.java:72) ~[activemq-all-5.10.0.jar:5.10.0]
	at org.apache.activemq.ActiveMQConnection.syncSendPacket(ActiveMQConnection.java:1435) ~[activemq-all-5.10.0.jar:5.10.0]
	at org.apache.activemq.ActiveMQConnection.syncSendPacket(ActiveMQConnection.java:1345) ~[activemq-all-5.10.0.jar:5.10.0]
	at org.apache.activemq.ActiveMQSession.send(ActiveMQSession.java:1904) ~[activemq-all-5.10.0.jar:5.10.0]
	at org.apache.activemq.ActiveMQMessageProducer.send(ActiveMQMessageProducer.java:289) ~[activemq-all-5.10.0.jar:5.10.0]
	at org.apache.activemq.ActiveMQMessageProducer.send(ActiveMQMessageProducer.java:224) ~[activemq-all-5.10.0.jar:5.10.0]
	at org.apache.activemq.ActiveMQMessageProducerSupport.send(ActiveMQMessageProducerSupport.java:269) ~[activemq-all-5.10.0.jar:5.10.0]
	at org.apache.jmeter.protocol.jms.sampler.JMSSampler.handleOneWay(JMSSampler.java:245) ~[ApacheJMeter_jms.jar:5.4.1]
	at org.apache.jmeter.protocol.jms.sampler.JMSSampler.sample(JMSSampler.java:201) [ApacheJMeter_jms.jar:5.4.1]
	at org.apache.jmeter.threads.JMeterThread.doSampling(JMeterThread.java:638) [ApacheJMeter_core.jar:5.4.1]
	at org.apache.jmeter.threads.JMeterThread.executeSamplePackage(JMeterThread.java:558) [ApacheJMeter_core.jar:5.4.1]
	at org.apache.jmeter.threads.JMeterThread.processSampler(JMeterThread.java:489) [ApacheJMeter_core.jar:5.4.1]
	at org.apache.jmeter.threads.JMeterThread.run(JMeterThread.java:256) [ApacheJMeter_core.jar:5.4.1]
	at java.lang.Thread.run(Thread.java:832) [?:?]
Caused by: java.io.InterruptedIOException
	at org.apache.activemq.transport.WireFormatNegotiator.oneway(WireFormatNegotiator.java:102) ~[activemq-all-5.10.0.jar:5.10.0]
	at org.apache.activemq.transport.MutexTransport.oneway(MutexTransport.java:68) ~[activemq-all-5.10.0.jar:5.10.0]
	at org.apache.activemq.transport.ResponseCorrelator.asyncRequest(ResponseCorrelator.java:81) ~[activemq-all-5.10.0.jar:5.10.0]
	at org.apache.activemq.transport.ResponseCorrelator.request(ResponseCorrelator.java:86) ~[activemq-all-5.10.0.jar:5.10.0]
	at org.apache.activemq.ActiveMQConnection.syncSendPacket(ActiveMQConnection.java:1406) ~[activemq-all-5.10.0.jar:5.10.0]
	... 12 more
2021-03-26 15:50:30,335 INFO o.a.j.t.JMeterThread: Thread is done: ConcurrencyThreadGroup_Lyon-ThreadStarter 1-2
2021-03-26 15:50:30,335 INFO o.a.j.t.JMeterThread: Thread finished: ConcurrencyThreadGroup_Lyon-ThreadStarter 1-2
2021-03-26 15:50:30,667 WARN o.a.j.p.j.s.JMSSampler: java.io.InterruptedIOException
javax.jms.JMSException: java.io.InterruptedIOException
	at org.apache.activemq.util.JMSExceptionSupport.create(JMSExceptionSupport.java:72) ~[activemq-all-5.10.0.jar:5.10.0]
	at org.apache.activemq.ActiveMQConnection.syncSendPacket(ActiveMQConnection.java:1435) ~[activemq-all-5.10.0.jar:5.10.0]
	at org.apache.activemq.ActiveMQConnection.syncSendPacket(ActiveMQConnection.java:1345) ~[activemq-all-5.10.0.jar:5.10.0]
	at org.apache.activemq.ActiveMQSession.send(ActiveMQSession.java:1904) ~[activemq-all-5.10.0.jar:5.10.0]
	at org.apache.activemq.ActiveMQMessageProducer.send(ActiveMQMessageProducer.java:289) ~[activemq-all-5.10.0.jar:5.10.0]
	at org.apache.activemq.ActiveMQMessageProducer.send(ActiveMQMessageProducer.java:224) ~[activemq-all-5.10.0.jar:5.10.0]
	at org.apache.activemq.ActiveMQMessageProducerSupport.send(ActiveMQMessageProducerSupport.java:269) ~[activemq-all-5.10.0.jar:5.10.0]
	at org.apache.jmeter.protocol.jms.sampler.JMSSampler.handleOneWay(JMSSampler.java:245) ~[ApacheJMeter_jms.jar:5.4.1]
	at org.apache.jmeter.protocol.jms.sampler.JMSSampler.sample(JMSSampler.java:201) [ApacheJMeter_jms.jar:5.4.1]
	at org.apache.jmeter.threads.JMeterThread.doSampling(JMeterThread.java:638) [ApacheJMeter_core.jar:5.4.1]
	at org.apache.jmeter.threads.JMeterThread.executeSamplePackage(JMeterThread.java:558) [ApacheJMeter_core.jar:5.4.1]
	at org.apache.jmeter.threads.JMeterThread.processSampler(JMeterThread.java:489) [ApacheJMeter_core.jar:5.4.1]
	at org.apache.jmeter.threads.JMeterThread.run(JMeterThread.java:256) [ApacheJMeter_core.jar:5.4.1]
	at java.lang.Thread.run(Thread.java:832) [?:?]
Caused by: java.io.InterruptedIOException
	at org.apache.activemq.transport.WireFormatNegotiator.oneway(WireFormatNegotiator.java:102) ~[activemq-all-5.10.0.jar:5.10.0]
	at org.apache.activemq.transport.MutexTransport.oneway(MutexTransport.java:68) ~[activemq-all-5.10.0.jar:5.10.0]
	at org.apache.activemq.transport.ResponseCorrelator.asyncRequest(ResponseCorrelator.java:81) ~[activemq-all-5.10.0.jar:5.10.0]
	at org.apache.activemq.transport.ResponseCorrelator.request(ResponseCorrelator.java:86) ~[activemq-all-5.10.0.jar:5.10.0]
	at org.apache.activemq.ActiveMQConnection.syncSendPacket(ActiveMQConnection.java:1406) ~[activemq-all-5.10.0.jar:5.10.0]
	... 12 more
2021-03-26 15:50:30,667 INFO o.a.j.t.JMeterThread: Thread is done: ConcurrencyThreadGroup_Lyon-ThreadStarter 1-4
2021-03-26 15:50:30,667 INFO o.a.j.t.JMeterThread: Thread finished: ConcurrencyThreadGroup_Lyon-ThreadStarter 1-4
2021-03-26 15:50:31,000 INFO k.a.j.t.VariableThroughputTimer: No further RPS schedule, asking threads to stop...
2021-03-26 15:50:31,000 INFO k.a.j.t.VariableThroughputTimer: Stopping gracefuly threads of Thread Group : ConcurrencyThreadGroup_Lyon
2021-03-26 15:50:31,000 WARN o.a.j.p.j.s.JMSSampler: java.io.InterruptedIOException
javax.jms.JMSException: java.io.InterruptedIOException
	at org.apache.activemq.util.JMSExceptionSupport.create(JMSExceptionSupport.java:72) ~[activemq-all-5.10.0.jar:5.10.0]
	at org.apache.activemq.ActiveMQConnection.syncSendPacket(ActiveMQConnection.java:1435) ~[activemq-all-5.10.0.jar:5.10.0]
	at org.apache.activemq.ActiveMQConnection.syncSendPacket(ActiveMQConnection.java:1345) ~[activemq-all-5.10.0.jar:5.10.0]
	at org.apache.activemq.ActiveMQSession.send(ActiveMQSession.java:1904) ~[activemq-all-5.10.0.jar:5.10.0]
	at org.apache.activemq.ActiveMQMessageProducer.send(ActiveMQMessageProducer.java:289) ~[activemq-all-5.10.0.jar:5.10.0]
	at org.apache.activemq.ActiveMQMessageProducer.send(ActiveMQMessageProducer.java:224) ~[activemq-all-5.10.0.jar:5.10.0]
	at org.apache.activemq.ActiveMQMessageProducerSupport.send(ActiveMQMessageProducerSupport.java:269) ~[activemq-all-5.10.0.jar:5.10.0]
	at org.apache.jmeter.protocol.jms.sampler.JMSSampler.handleOneWay(JMSSampler.java:245) ~[ApacheJMeter_jms.jar:5.4.1]
	at org.apache.jmeter.protocol.jms.sampler.JMSSampler.sample(JMSSampler.java:201) [ApacheJMeter_jms.jar:5.4.1]
	at org.apache.jmeter.threads.JMeterThread.doSampling(JMeterThread.java:638) [ApacheJMeter_core.jar:5.4.1]
	at org.apache.jmeter.threads.JMeterThread.executeSamplePackage(JMeterThread.java:558) [ApacheJMeter_core.jar:5.4.1]
	at org.apache.jmeter.threads.JMeterThread.processSampler(JMeterThread.java:489) [ApacheJMeter_core.jar:5.4.1]
	at org.apache.jmeter.threads.JMeterThread.run(JMeterThread.java:256) [ApacheJMeter_core.jar:5.4.1]
	at java.lang.Thread.run(Thread.java:832) [?:?]
Caused by: java.io.InterruptedIOException
	at org.apache.activemq.transport.WireFormatNegotiator.oneway(WireFormatNegotiator.java:102) ~[activemq-all-5.10.0.jar:5.10.0]
	at org.apache.activemq.transport.MutexTransport.oneway(MutexTransport.java:68) ~[activemq-all-5.10.0.jar:5.10.0]
	at org.apache.activemq.transport.ResponseCorrelator.asyncRequest(ResponseCorrelator.java:81) ~[activemq-all-5.10.0.jar:5.10.0]
	at org.apache.activemq.transport.ResponseCorrelator.request(ResponseCorrelator.java:86) ~[activemq-all-5.10.0.jar:5.10.0]
	at org.apache.activemq.ActiveMQConnection.syncSendPacket(ActiveMQConnection.java:1406) ~[activemq-all-5.10.0.jar:5.10.0]
	... 12 more
2021-03-26 15:50:31,001 INFO o.a.j.t.JMeterThread: Thread is done: ConcurrencyThreadGroup_Lyon-ThreadStarter 1-6
2021-03-26 15:50:31,001 INFO o.a.j.t.JMeterThread: Thread finished: ConcurrencyThreadGroup_Lyon-ThreadStarter 1-6
2021-03-26 15:50:31,334 WARN o.a.j.p.j.s.JMSSampler: java.io.InterruptedIOException
javax.jms.JMSException: java.io.InterruptedIOException
	at org.apache.activemq.util.JMSExceptionSupport.create(JMSExceptionSupport.java:72) ~[activemq-all-5.10.0.jar:5.10.0]
	at org.apache.activemq.ActiveMQConnection.syncSendPacket(ActiveMQConnection.java:1435) ~[activemq-all-5.10.0.jar:5.10.0]
	at org.apache.activemq.ActiveMQConnection.syncSendPacket(ActiveMQConnection.java:1345) ~[activemq-all-5.10.0.jar:5.10.0]
	at org.apache.activemq.ActiveMQSession.send(ActiveMQSession.java:1904) ~[activemq-all-5.10.0.jar:5.10.0]
	at org.apache.activemq.ActiveMQMessageProducer.send(ActiveMQMessageProducer.java:289) ~[activemq-all-5.10.0.jar:5.10.0]
	at org.apache.activemq.ActiveMQMessageProducer.send(ActiveMQMessageProducer.java:224) ~[activemq-all-5.10.0.jar:5.10.0]
	at org.apache.activemq.ActiveMQMessageProducerSupport.send(ActiveMQMessageProducerSupport.java:269) ~[activemq-all-5.10.0.jar:5.10.0]
	at org.apache.jmeter.protocol.jms.sampler.JMSSampler.handleOneWay(JMSSampler.java:245) ~[ApacheJMeter_jms.jar:5.4.1]
	at org.apache.jmeter.protocol.jms.sampler.JMSSampler.sample(JMSSampler.java:201) [ApacheJMeter_jms.jar:5.4.1]
	at org.apache.jmeter.threads.JMeterThread.doSampling(JMeterThread.java:638) [ApacheJMeter_core.jar:5.4.1]
	at org.apache.jmeter.threads.JMeterThread.executeSamplePackage(JMeterThread.java:558) [ApacheJMeter_core.jar:5.4.1]
	at org.apache.jmeter.threads.JMeterThread.processSampler(JMeterThread.java:489) [ApacheJMeter_core.jar:5.4.1]
	at org.apache.jmeter.threads.JMeterThread.run(JMeterThread.java:256) [ApacheJMeter_core.jar:5.4.1]
	at java.lang.Thread.run(Thread.java:832) [?:?]
Caused by: java.io.InterruptedIOException
	at org.apache.activemq.transport.WireFormatNegotiator.oneway(WireFormatNegotiator.java:102) ~[activemq-all-5.10.0.jar:5.10.0]
	at org.apache.activemq.transport.MutexTransport.oneway(MutexTransport.java:68) ~[activemq-all-5.10.0.jar:5.10.0]
	at org.apache.activemq.transport.ResponseCorrelator.asyncRequest(ResponseCorrelator.java:81) ~[activemq-all-5.10.0.jar:5.10.0]
	at org.apache.activemq.transport.ResponseCorrelator.request(ResponseCorrelator.java:86) ~[activemq-all-5.10.0.jar:5.10.0]
	at org.apache.activemq.ActiveMQConnection.syncSendPacket(ActiveMQConnection.java:1406) ~[activemq-all-5.10.0.jar:5.10.0]
	... 12 more
2021-03-26 15:50:31,334 INFO o.a.j.t.JMeterThread: Thread is done: ConcurrencyThreadGroup_Lyon-ThreadStarter 1-5
2021-03-26 15:50:31,334 INFO o.a.j.t.JMeterThread: Thread finished: ConcurrencyThreadGroup_Lyon-ThreadStarter 1-5
2021-03-26 15:50:31,402 INFO o.a.j.e.StandardJMeterEngine: Notifying test listeners of end of test
2021-03-26 15:50:31,402 INFO o.a.j.s.FileServer: Close: ./samples/Lyon.csv@261845810
2021-03-26 15:50:31,405 INFO o.a.j.r.Summariser: summary +      4 in 00:00:01 =    2.9/s Avg:     0 Min:     0 Max:     1 Err:     4 (100.00%) Active: 1 Started: 6 Finished: 5
2021-03-26 15:50:31,405 INFO o.a.j.r.Summariser: summary =    159 in 00:01:02 =    2.6/s Avg:    36 Min:     0 Max:   151 Err:     5 (3.14%)
2021-03-26 15:50:31,667 WARN o.a.j.p.j.s.JMSSampler: java.io.InterruptedIOException
javax.jms.JMSException: java.io.InterruptedIOException
	at org.apache.activemq.util.JMSExceptionSupport.create(JMSExceptionSupport.java:72) ~[activemq-all-5.10.0.jar:5.10.0]
	at org.apache.activemq.ActiveMQConnection.syncSendPacket(ActiveMQConnection.java:1435) ~[activemq-all-5.10.0.jar:5.10.0]
	at org.apache.activemq.ActiveMQConnection.syncSendPacket(ActiveMQConnection.java:1345) ~[activemq-all-5.10.0.jar:5.10.0]
	at org.apache.activemq.ActiveMQSession.send(ActiveMQSession.java:1904) ~[activemq-all-5.10.0.jar:5.10.0]
	at org.apache.activemq.ActiveMQMessageProducer.send(ActiveMQMessageProducer.java:289) ~[activemq-all-5.10.0.jar:5.10.0]
	at org.apache.activemq.ActiveMQMessageProducer.send(ActiveMQMessageProducer.java:224) ~[activemq-all-5.10.0.jar:5.10.0]
	at org.apache.activemq.ActiveMQMessageProducerSupport.send(ActiveMQMessageProducerSupport.java:269) ~[activemq-all-5.10.0.jar:5.10.0]
	at org.apache.jmeter.protocol.jms.sampler.JMSSampler.handleOneWay(JMSSampler.java:245) ~[ApacheJMeter_jms.jar:5.4.1]
	at org.apache.jmeter.protocol.jms.sampler.JMSSampler.sample(JMSSampler.java:201) [ApacheJMeter_jms.jar:5.4.1]
	at org.apache.jmeter.threads.JMeterThread.doSampling(JMeterThread.java:638) [ApacheJMeter_core.jar:5.4.1]
	at org.apache.jmeter.threads.JMeterThread.executeSamplePackage(JMeterThread.java:558) [ApacheJMeter_core.jar:5.4.1]
	at org.apache.jmeter.threads.JMeterThread.processSampler(JMeterThread.java:489) [ApacheJMeter_core.jar:5.4.1]
	at org.apache.jmeter.threads.JMeterThread.run(JMeterThread.java:256) [ApacheJMeter_core.jar:5.4.1]
	at java.lang.Thread.run(Thread.java:832) [?:?]
Caused by: java.io.InterruptedIOException
	at org.apache.activemq.transport.WireFormatNegotiator.oneway(WireFormatNegotiator.java:102) ~[activemq-all-5.10.0.jar:5.10.0]
	at org.apache.activemq.transport.MutexTransport.oneway(MutexTransport.java:68) ~[activemq-all-5.10.0.jar:5.10.0]
	at org.apache.activemq.transport.ResponseCorrelator.asyncRequest(ResponseCorrelator.java:81) ~[activemq-all-5.10.0.jar:5.10.0]
	at org.apache.activemq.transport.ResponseCorrelator.request(ResponseCorrelator.java:86) ~[activemq-all-5.10.0.jar:5.10.0]
	at org.apache.activemq.ActiveMQConnection.syncSendPacket(ActiveMQConnection.java:1406) ~[activemq-all-5.10.0.jar:5.10.0]
	... 12 more
2021-03-26 15:50:31,667 INFO o.a.j.t.JMeterThread: Thread is done: ConcurrencyThreadGroup_Lyon-ThreadStarter 1-1
2021-03-26 15:50:31,667 INFO o.a.j.t.JMeterThread: Thread finished: ConcurrencyThreadGroup_Lyon-ThreadStarter 1-1
